TN:
SF:script/Counter.s.sol
DA:10,0
FN:10,CounterScript.setUp
FNDA:0,CounterScript.setUp
DA:12,0
FN:12,CounterScript.run
FNDA:0,CounterScript.run
DA:13,0
DA:15,0
DA:17,0
FNF:2
FNH:0
LF:5
LH:0
BRF:0
BRH:0
end_of_record
TN:
SF:src/Counter.sol
DA:7,258
FN:7,Counter.setNumber
FNDA:258,Counter.setNumber
DA:8,258
DA:11,1
FN:11,Counter.increment
FNDA:1,Counter.increment
DA:12,1
FNF:2
FNH:2
LF:4
LH:4
BRF:0
BRH:0
end_of_record
TN:
SF:src/uniswap/AAAUniswapV2ERC20.sol
DA:24,2
FN:24,AAAUniswapV2ERC20.constructor
FNDA:2,AAAUniswapV2ERC20.constructor
DA:25,2
DA:27,2
DA:29,2
DA:40,0
FN:40,AAAUniswapV2ERC20._mint
FNDA:0,AAAUniswapV2ERC20._mint
DA:41,0
DA:42,0
DA:43,0
DA:46,0
FN:46,AAAUniswapV2ERC20._burn
FNDA:0,AAAUniswapV2ERC20._burn
DA:47,0
DA:48,0
DA:49,0
DA:52,0
FN:52,AAAUniswapV2ERC20._approve
FNDA:0,AAAUniswapV2ERC20._approve
DA:53,0
DA:54,0
DA:57,0
FN:57,AAAUniswapV2ERC20._transfer
FNDA:0,AAAUniswapV2ERC20._transfer
DA:58,0
DA:59,0
DA:60,0
DA:63,0
FN:63,AAAUniswapV2ERC20.approve
FNDA:0,AAAUniswapV2ERC20.approve
DA:64,0
DA:65,0
DA:68,0
FN:68,AAAUniswapV2ERC20.transfer
FNDA:0,AAAUniswapV2ERC20.transfer
DA:69,0
DA:70,0
DA:73,0
FN:73,AAAUniswapV2ERC20.transferFrom
FNDA:0,AAAUniswapV2ERC20.transferFrom
DA:74,0
DA:75,0
BRDA:75,0,0,-
DA:76,0
DA:78,0
DA:79,0
DA:82,0
FN:82,AAAUniswapV2ERC20.permit
FNDA:0,AAAUniswapV2ERC20.permit
DA:89,0
BRDA:89,1,0,-
BRDA:89,1,1,-
DA:91,0
DA:106,0
DA:107,0
BRDA:107,2,0,-
BRDA:107,2,1,-
DA:108,0
FNF:9
FNH:1
LF:37
LH:4
BRF:5
BRH:0
end_of_record
TN:
SF:src/uniswap/UniswapV2Factory.sol
DA:15,7
FN:15,UniswapV2Factory.constructor
FNDA:7,UniswapV2Factory.constructor
DA:16,7
DA:19,1
FN:19,UniswapV2Factory.allPairsLength
FNDA:1,UniswapV2Factory.allPairsLength
DA:20,1
DA:23,5
FN:23,UniswapV2Factory.createPair
FNDA:5,UniswapV2Factory.createPair
DA:24,5
BRDA:24,0,0,1
BRDA:24,0,1,4
DA:25,4
DA:28,4
BRDA:28,1,0,1
BRDA:28,1,1,3
DA:29,3
BRDA:29,2,0,1
BRDA:29,2,1,2
DA:31,2
DA:32,2
DA:34,2
DA:37,2
DA:39,2
DA:40,2
DA:41,2
DA:43,2
DA:46,1
FN:46,UniswapV2Factory.setFeeTo
FNDA:1,UniswapV2Factory.setFeeTo
DA:47,1
BRDA:47,3,0,-
BRDA:47,3,1,1
DA:48,1
DA:51,1
FN:51,UniswapV2Factory.setFeeToSetter
FNDA:1,UniswapV2Factory.setFeeToSetter
DA:52,1
BRDA:52,4,0,-
BRDA:52,4,1,1
DA:53,1
FNF:5
FNH:5
LF:23
LH:23
BRF:10
BRH:8
end_of_record
TN:
SF:src/uniswap/UniswapV2Library.sol
DA:7,0
FN:7,UniswapV2Library.sortTokens
FNDA:0,UniswapV2Library.sortTokens
DA:8,0
BRDA:8,0,0,-
BRDA:8,0,1,-
DA:9,0
DA:10,0
BRDA:10,1,0,-
BRDA:10,1,1,-
DA:13,0
FN:13,UniswapV2Library.pairFor
FNDA:0,UniswapV2Library.pairFor
DA:14,0
DA:15,0
DA:23,0
FN:23,UniswapV2Library.getReserves
FNDA:0,UniswapV2Library.getReserves
DA:28,0
DA:29,0
DA:30,0
DA:33,0
FN:33,UniswapV2Library.getAmountOut
FNDA:0,UniswapV2Library.getAmountOut
DA:34,0
BRDA:34,2,0,-
BRDA:34,2,1,-
DA:35,0
BRDA:35,3,0,-
BRDA:35,3,1,-
DA:36,0
DA:37,0
DA:38,0
DA:39,0
DA:42,0
FN:42,UniswapV2Library.getAmountIn
FNDA:0,UniswapV2Library.getAmountIn
DA:43,0
BRDA:43,4,0,-
BRDA:43,4,1,-
DA:44,0
BRDA:44,5,0,-
BRDA:44,5,1,-
DA:45,0
DA:46,0
DA:47,0
DA:50,0
FN:50,UniswapV2Library.getAmountsOut
FNDA:0,UniswapV2Library.getAmountsOut
DA:55,0
BRDA:55,6,0,-
BRDA:55,6,1,-
DA:56,0
DA:57,0
DA:58,0
DA:59,0
DA:60,0
FNF:6
FNH:0
LF:31
LH:0
BRF:14
BRH:0
end_of_record
TN:
SF:src/uniswap/ZZZUniswapV2Pair.sol
DA:29,0
FN:29,ZZZUniswapV2Pair.lock
FNDA:0,ZZZUniswapV2Pair.lock
DA:30,0
BRDA:30,0,0,-
BRDA:30,0,1,-
DA:31,0
DA:33,0
DA:36,2
FN:36,ZZZUniswapV2Pair.constructor
FNDA:2,ZZZUniswapV2Pair.constructor
DA:37,2
DA:40,2
FN:40,ZZZUniswapV2Pair.initialize
FNDA:2,ZZZUniswapV2Pair.initialize
DA:41,2
BRDA:41,1,0,-
BRDA:41,1,1,2
DA:42,2
DA:43,2
DA:46,0
FN:46,ZZZUniswapV2Pair.getReserves
FNDA:0,ZZZUniswapV2Pair.getReserves
DA:47,0
DA:48,0
DA:49,0
DA:52,0
FN:52,ZZZUniswapV2Pair._safeTransfer
FNDA:0,ZZZUniswapV2Pair._safeTransfer
DA:53,0
DA:54,0
BRDA:54,2,0,-
BRDA:54,2,1,-
DA:57,0
FN:57,ZZZUniswapV2Pair._update
FNDA:0,ZZZUniswapV2Pair._update
DA:58,0
BRDA:58,3,0,-
BRDA:58,3,1,-
DA:59,0
DA:60,0
DA:61,0
BRDA:61,4,0,-
DA:62,0
DA:63,0
DA:65,0
DA:66,0
DA:67,0
DA:70,0
FN:70,ZZZUniswapV2Pair._mintFee
FNDA:0,ZZZUniswapV2Pair._mintFee
DA:71,0
DA:72,0
DA:73,0
DA:74,0
BRDA:74,5,0,-
BRDA:74,5,1,-
DA:75,0
BRDA:75,6,0,-
DA:76,0
DA:77,0
DA:78,0
BRDA:78,7,0,-
DA:79,0
DA:80,0
DA:81,0
DA:82,0
BRDA:82,8,0,-
DA:85,0
BRDA:85,9,0,-
DA:86,0
DA:90,0
FN:90,ZZZUniswapV2Pair.mint
FNDA:0,ZZZUniswapV2Pair.mint
DA:91,0
DA:92,0
DA:93,0
DA:94,0
DA:95,0
DA:97,0
DA:98,0
DA:99,0
BRDA:99,10,0,-
BRDA:99,10,1,-
DA:100,0
DA:101,0
DA:103,0
DA:105,0
BRDA:105,11,0,-
BRDA:105,11,1,-
DA:106,0
DA:108,0
DA:109,0
BRDA:109,12,0,-
DA:112,0
FN:112,ZZZUniswapV2Pair.sqrt
FNDA:0,ZZZUniswapV2Pair.sqrt
DA:113,0
BRDA:113,13,0,-
BRDA:113,13,1,-
DA:114,0
DA:115,0
DA:116,0
DA:117,0
DA:118,0
DA:120,0
BRDA:120,14,0,-
DA:121,0
DA:125,0
FN:125,ZZZUniswapV2Pair.min
FNDA:0,ZZZUniswapV2Pair.min
DA:126,0
FNF:10
FNH:2
LF:69
LH:6
BRF:23
BRH:1
end_of_record
TN:
SF:src/uniswap/libraries/Math.sol
DA:5,0
FN:5,Math.min
FNDA:0,Math.min
DA:6,0
FNF:1
FNH:0
LF:2
LH:0
BRF:0
BRH:0
end_of_record
TN:
SF:src/uniswap/libraries/SafeMath.sol
DA:5,0
FN:5,Math.min
FNDA:0,Math.min
DA:6,0
FNF:1
FNH:0
LF:2
LH:0
BRF:0
BRH:0
end_of_record
TN:
SF:src/uniswap/libraries/UQ112x112.sol
DA:7,0
FN:7,UQ112x112.encode
FNDA:0,UQ112x112.encode
DA:8,0
DA:11,0
FN:11,UQ112x112.uqdiv
FNDA:0,UQ112x112.uqdiv
DA:12,0
FNF:2
FNH:0
LF:4
LH:0
BRF:0
BRH:0
end_of_record
